<?xml version="1.0" encoding="UTF-8"?>
<!-- Generated by org.testng.reporters.JUnitXMLReporter -->
<testsuite hostname="student-virtual-machine" name="Command line test" tests="7" failures="0" timestamp="20 Mar 2016 22:54:01 GMT" time="0.016" errors="0">
  <testcase name="testCircleRadius" time="0.005" classname="com.assignment4.TestQuestion3Correct"/>
  <testcase name="testClassic" time="0.0" classname="com.assignment4.TestQuestion3Correct"/>
  <testcase name="testRap" time="0.0" classname="com.assignment4.TestQuestion3Correct"/>
  <testcase name="testSquareRadius" time="0.001" classname="com.assignment4.TestQuestion3Correct"/>
  <testcase name="testClassic" time="0.0" classname="com.assignment4.TestQuestion3Incorrect"/>
  <testcase name="testRadius" time="0.001" classname="com.assignment4.TestQuestion3Incorrect"/>
  <testcase name="testRap" time="0.0" classname="com.assignment4.TestQuestion3Incorrect"/>
</testsuite> <!-- Command line test -->
