<?xml version="1.0" encoding="UTF-8"?>
<testng-results skipped="0" failed="0" total="5" passed="5">
  <reporter-output>
  </reporter-output>
  <suite name="com.assignment4.TestQuestion4" duration-ms="17" started-at="2016-03-21T09:18:18Z" finished-at="2016-03-21T09:18:18Z">
    <groups>
    </groups>
    <test name="Command line test" duration-ms="17" started-at="2016-03-21T09:18:18Z" finished-at="2016-03-21T09:18:18Z">
      <class name="com.assignment4.TestQuestion4">
        <test-method status="PASS" signature="testMsg()[pri:0, instance:com.assignment4.TestQuestion4@137e19e]" name="testMsg" duration-ms="5" started-at="2016-03-21T11:18:18Z" finished-at="2016-03-21T11:18:18Z">
          <reporter-output>
          </reporter-output>
        </test-method> <!-- testMsg -->
        <test-method status="PASS" signature="testNameForNull()[pri:0, instance:com.assignment4.TestQuestion4@137e19e]" name="testNameForNull" duration-ms="0" started-at="2016-03-21T11:18:18Z" finished-at="2016-03-21T11:18:18Z">
          <reporter-output>
          </reporter-output>
        </test-method> <!-- testNameForNull -->
        <test-method status="PASS" signature="testUsername()[pri:0, instance:com.assignment4.TestQuestion4@137e19e]" name="testUsername" duration-ms="0" started-at="2016-03-21T11:18:18Z" finished-at="2016-03-21T11:18:18Z">
          <reporter-output>
          </reporter-output>
        </test-method> <!-- testUsername -->
        <test-method status="PASS" signature="testValidateUser()[pri:0, instance:com.assignment4.TestQuestion4@137e19e]" name="testValidateUser" duration-ms="1" started-at="2016-03-21T11:18:18Z" finished-at="2016-03-21T11:18:18Z">
          <reporter-output>
          </reporter-output>
        </test-method> <!-- testValidateUser -->
        <test-method status="PASS" signature="testValidUser()[pri:0, instance:com.assignment4.TestQuestion4@137e19e]" name="testValidUser" duration-ms="0" started-at="2016-03-21T11:18:18Z" finished-at="2016-03-21T11:18:18Z">
          <reporter-output>
          </reporter-output>
        </test-method> <!-- testValidUser -->
      </class> <!-- com.assignment4.TestQuestion4 -->
    </test> <!-- Command line test -->
  </suite> <!-- com.assignment4.TestQuestion4 -->
</testng-results>
