<?xml version="1.0" encoding="UTF-8"?>
<testng-results skipped="0" failed="0" total="1" passed="1">
  <reporter-output>
  </reporter-output>
  <suite name="com.assignment4.TestQuestion1" duration-ms="18" started-at="2016-03-20T22:54:00Z" finished-at="2016-03-20T22:54:00Z">
    <groups>
    </groups>
    <test name="Command line test" duration-ms="18" started-at="2016-03-20T22:54:00Z" finished-at="2016-03-20T22:54:00Z">
      <class name="com.assignment4.TestQuestion1">
        <test-method status="PASS" signature="testBirdType()[pri:0, instance:com.assignment4.TestQuestion1@1f873dd]" name="testBirdType" duration-ms="8" started-at="2016-03-21T00:54:00Z" finished-at="2016-03-21T00:54:00Z">
          <reporter-output>
          </reporter-output>
        </test-method> <!-- testBirdType -->
      </class> <!-- com.assignment4.TestQuestion1 -->
    </test> <!-- Command line test -->
  </suite> <!-- com.assignment4.TestQuestion1 -->
</testng-results>
