<?xml version="1.0" encoding="UTF-8"?>
<testng-results skipped="0" failed="0" total="1" passed="1">
  <reporter-output>
  </reporter-output>
  <suite name="com.assignment4.TestQuestion1" duration-ms="14" started-at="2016-03-21T09:18:17Z" finished-at="2016-03-21T09:18:17Z">
    <groups>
    </groups>
    <test name="Command line test" duration-ms="14" started-at="2016-03-21T09:18:17Z" finished-at="2016-03-21T09:18:17Z">
      <class name="com.assignment4.TestQuestion1">
        <test-method status="PASS" signature="testBirdType()[pri:0, instance:com.assignment4.TestQuestion1@7ee46a]" name="testBirdType" duration-ms="6" started-at="2016-03-21T11:18:17Z" finished-at="2016-03-21T11:18:17Z">
          <reporter-output>
          </reporter-output>
        </test-method> <!-- testBirdType -->
      </class> <!-- com.assignment4.TestQuestion1 -->
    </test> <!-- Command line test -->
  </suite> <!-- com.assignment4.TestQuestion1 -->
</testng-results>
